2024-04-22 10:15:23 - INFO - Application started
2024-04-22 10:16:05 - ERROR - Database connection failed
2024-04-22 10:17:42 - WARNING - Disk space is low
2024-04-22 10:18:30 - ERROR - Invalid input received
2024-04-22 10:20:12 - INFO - User logged in
2024-04-22 10:22:01 - ERROR - Server timeout
2024-04-22 10:23:59 - INFO - Application shutting down
2024-04-22 10:25:48 - WARNING - Network connection lost
2024-04-22 10:27:36 - ERROR - Out of memory
2024-04-22 10:29:20 - INFO - Server restarted
2024-04-22 10:31:14 - ERROR - File not found
2024-04-22 10:32:59 - INFO - Application running
2024-04-22 10:34:43 - ERROR - Critical error detected
2024-04-22 10:36:27 - WARNING - Security breach detected
2024-04-22 10:38:12 - INFO - User session expired
2024-04-22 10:39:59 - ERROR - Database corruption detected
2024-04-22 10:41:46 - INFO - Server maintenance started
2024-04-22 10:43:33 - ERROR - Server crash detected
2024-04-22 10:45:21 - WARNING - Disk failure imminent
2024-04-22 10:47:10 - INFO - Application upgrade complete
2024-04-22 10:48:59 - ERROR - API call failed
2024-04-22 10:50:48 - INFO - User logout
2024-04-22 10:52:38 - WARNING - CPU temperature high
2024-04-22 10:54:28 - ERROR - SSL certificate expired
2024-04-22 10:56:19 - INFO - Server status: online
2024-04-22 10:58:10 - WARNING - Backup failed
2024-04-22 11:00:02 - ERROR - Unexpected server response
2024-04-22 11:01:55 - INFO - Application running smoothly
2024-04-22 11:03:48 - WARNING - Slow disk performance
2024-04-22 11:05:42 - ERROR - Network outage
2024-04-22 11:07:36 - INFO - User registration
2024-04-22 11:09:31 - WARNING - Memory leak detected
2024-04-22 11:11:27 - ERROR - Disk full
2024-04-22 11:13:24 - INFO - Server load: 80%
2024-04-22 11:15:21 - WARNING - System crash imminent
2024-04-22 11:17:19 - ERROR - Service unavailable
2024-04-22 11:19:17 - INFO - Database backup initiated
2024-04-22 11:21:16 - WARNING - Server response time high
